<?xml version="1.0" encoding="UTF-8" ?>
<testsuite tests="1" failures="0" name="dev.rmuhamedgaliev.AppTest" time="0.003" errors="0" skipped="0">
  <properties>
    <property name="java.runtime.name" value="Java(TM) SE Runtime Environment"/>
    <property name="java.vm.version" value="18.0.1+10-24"/>
    <property name="sun.boot.library.path" value="/Users/rinatmuhamedgaliev/.sdkman/candidates/java/18.0.1-oracle/lib"/>
    <property name="maven.multiModuleProjectDirectory" value="/Users/rinatmuhamedgaliev/Projects/treasurer-manager/3_core_categories/treasurer"/>
    <property name="java.vm.vendor" value="Oracle Corporation"/>
    <property name="java.vendor.url" value="https://java.oracle.com/"/>
    <property name="path.separator" value=":"/>
    <property name="guice.disable.misplaced.annotation.check" value="true"/>
    <property name="java.vm.name" value="Java HotSpot(TM) 64-Bit Server VM"/>
    <property name="user.country" value="GB"/>
    <property name="sun.java.launcher" value="SUN_STANDARD"/>
    <property name="user.dir" value="/Users/rinatmuhamedgaliev/Projects/treasurer-manager/3_core_categories/treasurer"/>
    <property name="java.vm.compressedOopsMode" value="Zero based"/>
    <property name="java.vm.specification.name" value="Java Virtual Machine Specification"/>
    <property name="java.runtime.version" value="18.0.1+10-24"/>
    <property name="os.arch" value="x86_64"/>
    <property name="java.io.tmpdir" value="/var/folders/hv/4vqkt0w93gjdjk4l964j36xw0000gn/T/"/>
    <property name="line.separator" value="
"/>
    <property name="java.vm.specification.vendor" value="Oracle Corporation"/>
    <property name="os.name" value="Mac OS X"/>
    <property name="classworlds.conf" value="/Users/rinatmuhamedgaliev/.sdkman/candidates/maven/current/bin/m2.conf"/>
    <property name="sun.jnu.encoding" value="UTF-8"/>
    <property name="java.library.path" value="/Users/rinatmuhamedgaliev/Library/Java/Extensions:/Library/Java/Extensions:/Network/Library/Java/Extensions:/System/Library/Java/Extensions:/usr/lib/java:."/>
    <property name="maven.conf" value="/Users/rinatmuhamedgaliev/.sdkman/candidates/maven/current/conf"/>
    <property name="jdk.debug" value="release"/>
    <property name="java.class.version" value="62.0"/>
    <property name="java.specification.name" value="Java Platform API Specification"/>
    <property name="sun.management.compiler" value="HotSpot 64-Bit Tiered Compilers"/>
    <property name="os.version" value="12.3.1"/>
    <property name="http.nonProxyHosts" value="local|*.local|169.254/16|*.169.254/16"/>
    <property name="library.jansi.path" value="/Users/rinatmuhamedgaliev/.sdkman/candidates/maven/current/lib/jansi-native"/>
    <property name="user.home" value="/Users/rinatmuhamedgaliev"/>
    <property name="user.timezone" value="Europe/Moscow"/>
    <property name="file.encoding" value="UTF-8"/>
    <property name="java.specification.version" value="18"/>
    <property name="user.name" value="rinatmuhamedgaliev"/>
    <property name="java.class.path" value="/Users/rinatmuhamedgaliev/.sdkman/candidates/maven/current/boot/plexus-classworlds-2.6.0.jar"/>
    <property name="java.vm.specification.version" value="18"/>
    <property name="sun.arch.data.model" value="64"/>
    <property name="sun.java.command" value="org.codehaus.plexus.classworlds.launcher.Launcher test"/>
    <property name="java.home" value="/Users/rinatmuhamedgaliev/.sdkman/candidates/java/18.0.1-oracle"/>
    <property name="apple.awt.application.name" value="Launcher"/>
    <property name="user.language" value="en"/>
    <property name="java.specification.vendor" value="Oracle Corporation"/>
    <property name="java.vm.info" value="mixed mode, sharing"/>
    <property name="java.version" value="18.0.1"/>
    <property name="native.encoding" value="UTF-8"/>
    <property name="java.vendor" value="Oracle Corporation"/>
    <property name="sun.stderr.encoding" value="UTF-8"/>
    <property name="maven.home" value="/Users/rinatmuhamedgaliev/.sdkman/candidates/maven/current"/>
    <property name="file.separator" value="/"/>
    <property name="java.version.date" value="2022-04-19"/>
    <property name="java.vendor.url.bug" value="https://bugreport.java.com/bugreport/"/>
    <property name="sun.cpu.endian" value="little"/>
    <property name="sun.io.unicode.encoding" value="UnicodeBig"/>
    <property name="sun.stdout.encoding" value="UTF-8"/>
    <property name="socksNonProxyHosts" value="local|*.local|169.254/16|*.169.254/16"/>
    <property name="ftp.nonProxyHosts" value="local|*.local|169.254/16|*.169.254/16"/>
  </properties>
  <testcase classname="dev.rmuhamedgaliev.AppTest" name="testApp" time="0.003"/>
</testsuite>